<?xml version="1.0" encoding="UTF-8"?>
<testng-results ignored="0" total="1" passed="1" failed="0" skipped="0">
  <reporter-output>
  </reporter-output>
  <suite started-at="2020-01-15T14:35:35 IST" name="Suite" finished-at="2020-01-15T14:35:49 IST" duration-ms="13607">
    <groups>
    </groups>
    <test started-at="2020-01-15T14:35:35 IST" name="Test" finished-at="2020-01-15T14:35:49 IST" duration-ms="13607">
      <class name="PackageLearnMaven.ProjectMavenDemo.BaseTest">
        <test-method signature="browserlaunch()[pri:0, instance:PackageLearnMaven.ProjectMavenDemo.BaseTest@25b485ba]" started-at="2020-01-15T14:35:35 IST" name="browserlaunch" finished-at="2020-01-15T14:35:49 IST" duration-ms="13572" status="PASS">
          <reporter-output>
          </reporter-output>
        </test-method> <!-- browserlaunch -->
      </class> <!-- PackageLearnMaven.ProjectMavenDemo.BaseTest -->
    </test> <!-- Test -->
  </suite> <!-- Suite -->
</testng-results>
