<?xml version="1.0" encoding="UTF-8"?>
<testng-results ignored="0" total="1" passed="1" failed="0" skipped="0">
  <reporter-output>
  </reporter-output>
  <suite started-at="2020-01-14T16:02:28 IST" name="Default suite" finished-at="2020-01-14T16:02:51 IST" duration-ms="22657">
    <groups>
    </groups>
    <test started-at="2020-01-14T16:02:28 IST" name="Default test" finished-at="2020-01-14T16:02:51 IST" duration-ms="22657">
      <class name="PackageLearnMaven.ProjectMavenDemo.BaseTest">
        <test-method signature="browserlaunch()[pri:0, instance:PackageLearnMaven.ProjectMavenDemo.BaseTest@25d250c6]" started-at="2020-01-14T16:02:28 IST" name="browserlaunch" finished-at="2020-01-14T16:02:51 IST" duration-ms="22607" status="PASS">
          <reporter-output>
          </reporter-output>
        </test-method> <!-- browserlaunch -->
      </class> <!-- PackageLearnMaven.ProjectMavenDemo.BaseTest -->
    </test> <!-- Default test -->
  </suite> <!-- Default suite -->
</testng-results>
