<?xml version="1.0" encoding="UTF-8"?>
<testng-results ignored="0" total="1" passed="1" failed="0" skipped="0">
  <reporter-output>
  </reporter-output>
  <suite started-at="2020-01-29T14:54:09 IST" name="Suite" finished-at="2020-01-29T14:54:18 IST" duration-ms="9990">
    <groups>
    </groups>
    <test started-at="2020-01-29T14:54:09 IST" name="Test" finished-at="2020-01-29T14:54:18 IST" duration-ms="9990">
      <class name="PackageLearnMaven.ProjectMavenDemo.BaseTest">
        <test-method signature="browserlaunch()[pri:0, instance:PackageLearnMaven.ProjectMavenDemo.BaseTest@60d8c9b7]" started-at="2020-01-29T14:54:09 IST" name="browserlaunch" finished-at="2020-01-29T14:54:18 IST" duration-ms="9951" status="PASS">
          <reporter-output>
          </reporter-output>
        </test-method> <!-- browserlaunch -->
      </class> <!-- PackageLearnMaven.ProjectMavenDemo.BaseTest -->
    </test> <!-- Test -->
  </suite> <!-- Suite -->
</testng-results>
